Arguments: 
  /usr/local/bin/node /usr/local/Cellar/yarn/1.5.1_1/libexec/bin/yarn.js docks:watch

PATH: 
  /Users/davidvanleeuwen/.swiftenv/shims:/Users/davidvanleeuwen/.cargo/bin:/Library/Frameworks/Firebird.framework/Resources/bin:/Library/Java/JavaVirtualMachines/jdk1.8.0_51.jdk/Contents/Home/bin:/usr/local/bin:/usr/bin:/bin:/usr/sbin:/sbin:/usr/local/go/bin

Yarn version: 
  1.5.1

Node version: 
  8.9.3

Platform: 
  darwin x64

npm manifest: 
  {
    "name": "NodeSchoolSF",
    "version": "2.0.0",
    "description": "The NodeSchool SF chapter website.",
    "directories": {
      "doc": "docs"
    },
    "scripts": {
      "docs:build": "mkdirp docs && npm-run-all --serial docs:build:*",
      "docs:build:html": "mustache docs-src/data.json docs-src/index.mustache > docs/index.html",
      "docs:build:styles": "mkdirp docs/styles && stylus docs-src/styles/index.styl --out docs/styles --include node_modules --include-css",
      "docs:build:images": "ncp docs-src/images docs/images",
      "docs:watch": "mkdirp docs && npm-run-all --parallel docs:watch:*",
      "docs:watch:html": "chokidar docs-src/index.mustache -c 'npm run docs:build:html' --initial",
      "docs:watch:styles": "npm run docs:build:styles -- -w",
      "docs:watch:images": "chokidar docs-src/images/* -c 'npm run docs:build:images' --initial",
      "docs:watch:fonts": "chokidar docs-src/fonts/* -c 'npm run docs:build:fonts' --initial",
      "docs:server": "static docs --port=${PORT:=8080} --host-address=${HOST:=127.0.0.1}",
      "docs:dev": "npm-run-all --parallel docs:watch docs:server"
    },
    "repository": {
      "type": "git",
      "url": "https://github.com/nodeschool/sanfrancisco.git"
    },
    "license": "ISC",
    "bugs": {
      "url": "https://github.com/nodeschool/sanfrancisco/issues"
    },
    "homepage": "https://nodeschool.io/sanfrancisco",
    "dependencies": {
      "mustache": "^2.2.1"
    },
    "devDependencies": {
      "chokidar-cli": "^1.2.0",
      "mkdirp": "^0.5.1",
      "mustache": "^2.3.0",
      "ncp": "^2.0.0",
      "node-static": "^0.7.9",
      "npm-run-all": "^4.0.2",
      "stylus": "^0.54.5"
    }
  }

yarn manifest: 
  No manifest

Lockfile: 
  No lockfile

Trace: 
  Error: Command "docks:watch" not found. Did you mean "docs:watch"?
      at new MessageError (/usr/local/Cellar/yarn/1.5.1_1/libexec/lib/cli.js:186:110)
      at /usr/local/Cellar/yarn/1.5.1_1/libexec/lib/cli.js:87307:17
      at Generator.next (<anonymous>)
      at step (/usr/local/Cellar/yarn/1.5.1_1/libexec/lib/cli.js:98:30)
      at /usr/local/Cellar/yarn/1.5.1_1/libexec/lib/cli.js:116:14
      at new Promise (<anonymous>)
      at new F (/usr/local/Cellar/yarn/1.5.1_1/libexec/lib/cli.js:23451:28)
      at /usr/local/Cellar/yarn/1.5.1_1/libexec/lib/cli.js:95:12
      at runCommand (/usr/local/Cellar/yarn/1.5.1_1/libexec/lib/cli.js:87312:22)
      at Object.<anonymous> (/usr/local/Cellar/yarn/1.5.1_1/libexec/lib/cli.js:87412:14)
